<?xml version="1.0" encoding="UTF-8" ?>
<testsuite 
errors="0" failures="0" hostname="2Z0B1B3" name="org.scalatest.tools.DiscoverySuite" tests="0" time="0.014" timestamp="2021-09-08T12:08:49">
  <properties>
    <property name="java.runtime.name" value="OpenJDK Runtime Environment">
    </property>
    <property 
    name="sun.boot.library.path" value="C:\Users\ksiegieda\.jdks\corretto-1.8.0_302\jre\bin">
</property>
    <property name="java.vm.version" value="25.302-b08"> </property>
    <property name="java.vm.vendor" value="Amazon.com Inc."> </property>
    <property name="java.vendor.url" value="https://aws.amazon.com/corretto/">
    </property>
    <property name="path.separator" value=";"> </property>
    <property name="java.vm.name" value="OpenJDK 64-Bit Server VM"> </property>
    <property name="file.encoding.pkg" value="sun.io"> </property>
    <property name="user.script" value=""> </property>
    <property name="user.country" value="PL"> </property>
    <property name="sun.java.launcher" value="SUN_STANDARD"> </property>
    <property name="sun.os.patch.level" value=""> </property>
    <property 
    name="java.vm.specification.name" value="Java Virtual Machine Specification">
</property>
    <property name="user.dir" value="C:\LAT\joob2"> </property>
    <property name="java.runtime.version" value="1.8.0_302-b08"> </property>
    <property 
    name="java.awt.graphicsenv" value="sun.awt.Win32GraphicsEnvironment">
</property>
    <property name="basedir" value="C:\LAT\joob2"> </property>
    <property 
    name="java.endorsed.dirs" value="C:\Users\ksiegieda\.jdks\corretto-1.8.0_302\jre\lib\endorsed">
</property>
    <property name="os.arch" value="amd64"> </property>
    <property 
    name="java.io.tmpdir" value="C:\Users\KSIEGI~1\AppData\Local\Temp\">
</property>
    <property name="line.separator" value=" "> </property>
    <property name="java.vm.specification.vendor" value="Oracle Corporation">
    </property>
    <property name="user.variant" value=""> </property>
    <property name="os.name" value="Windows 10"> </property>
    <property name="sun.jnu.encoding" value="Cp1250"> </property>
    <property 
    name="java.library.path" value="C:\Users\ksiegieda\.jdks\corretto-1.8.0_302\bin;C:\windows\Sun\Java\bin;C:\windows\system32;C:\windows;C:\Program Files (x86)\Common Files\Oracle\Java\javapath;C:\windows\system32;C:\windows;C:\windows\System32\Wbem;C:\windows\System32\WindowsPowerShell\v1.0\;C:\windows\System32\OpenSSH\;c:\MININT\Chocolatey\bin;C:\Program Files\PuTTY\;C:\Program Files (x86)\NVIDIA Corporation\PhysX\Common;C:\hadoop\bin;%SPARK_HOME%\bin;%JAVA_HOME%\bin;C:\apache-maven-3.8.1\bin;C:\Users\ksiegieda\AppData\Local\Microsoft\WindowsApps;C:\Users\ksiegieda\Downloads\null\Coursier\data\bin;C:\Users\ksiegieda\AppData\Local\Coursier\data\bin;C:\Users\ksiegieda\AppData\Local\GitHubDesktop\bin;C:\Users\ksiegieda\AppData\Local\Programs\Git\cmd;.">
</property>
    <property 
    name="java.specification.name" value="Java Platform API Specification">
</property>
    <property name="java.class.version" value="52.0"> </property>
    <property 
    name="sun.management.compiler" value="HotSpot 64-Bit Tiered Compilers">
</property>
    <property name="os.version" value="10.0"> </property>
    <property name="user.home" value="C:\Users\ksiegieda"> </property>
    <property name="user.timezone" value=""> </property>
    <property name="java.awt.printerjob" value="sun.awt.windows.WPrinterJob">
    </property>
    <property name="file.encoding" value="Cp1250"> </property>
    <property name="java.specification.version" value="1.8"> </property>
    <property name="user.name" value="ksiegieda"> </property>
    <property 
    name="java.class.path" value="C:\LAT\joob2\target\test-classes;C:\LAT\joob2\target\classes;C:\Users\ksiegieda\.m2\repository\org\antlr\antlr4-runtime\4.7\antlr4-runtime-4.7.jar;C:\Users\ksiegieda\.m2\repository\org\scalactic\scalactic_2.11\3.0.4\scalactic_2.11-3.0.4.jar;C:\Users\ksiegieda\.m2\repository\org\scala-lang\scala-reflect\2.11.11\scala-reflect-2.11.11.jar;C:\Users\ksiegieda\.m2\repository\org\scalatest\scalatest_2.11\3.0.4\scalatest_2.11-3.0.4.jar;C:\Users\ksiegieda\.m2\repository\org\scala-lang\modules\scala-xml_2.11\1.0.5\scala-xml_2.11-1.0.5.jar;C:\Users\ksiegieda\.m2\repository\org\scala-lang\modules\scala-parser-combinators_2.11\1.0.4\scala-parser-combinators_2.11-1.0.4.jar;C:\Users\ksiegieda\.m2\repository\org\scala-lang\scala-library\2.11.8\scala-library-2.11.8.jar;C:\Users\ksiegieda\.m2\repository\org\apache\spark\spark-sql_2.11\2.3.1-mapr-1808\spark-sql_2.11-2.3.1-mapr-1808.jar;C:\Users\ksiegieda\.m2\repository\com\univocity\univocity-parsers\2.5.9\univocity-parsers-2.5.9.jar;C:\Users\ksiegieda\.m2\repository\org\apache\spark\spark-sketch_2.11\2.3.1-mapr-1808\spark-sketch_2.11-2.3.1-mapr-1808.jar;C:\Users\ksiegieda\.m2\repository\org\apache\spark\spark-catalyst_2.11\2.3.1-mapr-1808\spark-catalyst_2.11-2.3.1-mapr-1808.jar;C:\Users\ksiegieda\.m2\repository\org\codehaus\janino\janino\3.0.8\janino-3.0.8.jar;C:\Users\ksiegieda\.m2\repository\org\codehaus\janino\commons-compiler\3.0.8\commons-compiler-3.0.8.jar;C:\Users\ksiegieda\.m2\repository\commons-codec\commons-codec\1.10\commons-codec-1.10.jar;C:\Users\ksiegieda\.m2\repository\org\apache\spark\spark-tags_2.11\2.3.1-mapr-1808\spark-tags_2.11-2.3.1-mapr-1808.jar;C:\Users\ksiegieda\.m2\repository\org\apache\orc\orc-core\1.4.4\orc-core-1.4.4-nohive.jar;C:\Users\ksiegieda\.m2\repository\commons-lang\commons-lang\2.6\commons-lang-2.6.jar;C:\Users\ksiegieda\.m2\repository\io\airlift\aircompressor\0.8\aircompressor-0.8.jar;C:\Users\ksiegieda\.m2\repository\org\apache\orc\orc-mapreduce\1.4.4\orc-mapreduce-1.4.4-nohive.jar;C:\Users\ksiegieda\.m2\repository\com\esotericsoftware\kryo-shaded\3.0.3\kryo-shaded-3.0.3.jar;C:\Users\ksiegieda\.m2\repository\com\esotericsoftware\minlog\1.3.0\minlog-1.3.0.jar;C:\Users\ksiegieda\.m2\repository\org\objenesis\objenesis\2.1\objenesis-2.1.jar;C:\Users\ksiegieda\.m2\repository\org\apache\parquet\parquet-column\1.8.3\parquet-column-1.8.3.jar;C:\Users\ksiegieda\.m2\repository\org\apache\parquet\parquet-common\1.8.3\parquet-common-1.8.3.jar;C:\Users\ksiegieda\.m2\repository\org\apache\parquet\parquet-encoding\1.8.3\parquet-encoding-1.8.3.jar;C:\Users\ksiegieda\.m2\repository\org\apache\parquet\parquet-hadoop\1.8.3\parquet-hadoop-1.8.3.jar;C:\Users\ksiegieda\.m2\repository\org\apache\parquet\parquet-format\2.3.1\parquet-format-2.3.1.jar;C:\Users\ksiegieda\.m2\repository\org\apache\parquet\parquet-jackson\1.8.3\parquet-jackson-1.8.3.jar;C:\Users\ksiegieda\.m2\repository\com\fasterxml\jackson\core\jackson-databind\2.6.7.1\jackson-databind-2.6.7.1.jar;C:\Users\ksiegieda\.m2\repository\org\apache\arrow\arrow-vector\0.8.0\arrow-vector-0.8.0.jar;C:\Users\ksiegieda\.m2\repository\org\apache\arrow\arrow-format\0.8.0\arrow-format-0.8.0.jar;C:\Users\ksiegieda\.m2\repository\org\apache\arrow\arrow-memory\0.8.0\arrow-memory-0.8.0.jar;C:\Users\ksiegieda\.m2\repository\joda-time\joda-time\2.9.9\joda-time-2.9.9.jar;C:\Users\ksiegieda\.m2\repository\com\carrotsearch\hppc\0.7.2\hppc-0.7.2.jar;C:\Users\ksiegieda\.m2\repository\com\vlkan\flatbuffers\1.2.0-3f79e055\flatbuffers-1.2.0-3f79e055.jar;C:\Users\ksiegieda\.m2\repository\org\apache\xbean\xbean-asm5-shaded\4.4\xbean-asm5-shaded-4.4.jar;C:\Users\ksiegieda\.m2\repository\org\spark-project\spark\unused\1.0.0\unused-1.0.0.jar;C:\Users\ksiegieda\.m2\repository\org\apache\spark\spark-core_2.11\2.3.1-mapr-1808\spark-core_2.11-2.3.1-mapr-1808.jar;C:\Users\ksiegieda\.m2\repository\com\sun\jersey\jersey-core\1.19.4\jersey-core-1.19.4.jar;C:\Users\ksiegieda\.m2\repository\org\apache\avro\avro-mapred\1.7.7\avro-mapred-1.7.7-hadoop2.jar;C:\Users\ksiegieda\.m2\repository\org\apache\avro\avro-ipc\1.7.7\avro-ipc-1.7.7.jar;C:\Users\ksiegieda\.m2\repository\org\apache\avro\avro-ipc\1.7.7\avro-ipc-1.7.7-tests.jar;C:\Users\ksiegieda\.m2\repository\com\twitter\chill_2.11\0.8.4\chill_2.11-0.8.4.jar;C:\Users\ksiegieda\.m2\repository\com\twitter\chill-java\0.8.4\chill-java-0.8.4.jar;C:\Users\ksiegieda\.m2\repository\org\apache\hadoop\hadoop-client\2.7.0-mapr-1808\hadoop-client-2.7.0-mapr-1808.jar;C:\Users\ksiegieda\.m2\repository\org\apache\hadoop\hadoop-hdfs\2.7.0-mapr-1808\hadoop-hdfs-2.7.0-mapr-1808.jar;C:\Users\ksiegieda\.m2\repository\org\mortbay\jetty\jetty-util\6.1.26\jetty-util-6.1.26.jar;C:\Users\ksiegieda\.m2\repository\org\apache\hadoop\hadoop-mapreduce-client-app\2.7.0-mapr-1808\hadoop-mapreduce-client-app-2.7.0-mapr-1808.jar;C:\Users\ksiegieda\.m2\repository\org\apache\hadoop\hadoop-mapreduce-client-common\2.7.0-mapr-1808\hadoop-mapreduce-client-common-2.7.0-mapr-1808.jar;C:\Users\ksiegieda\.m2\repository\org\apache\hadoop\hadoop-yarn-client\2.7.0-mapr-1808\hadoop-yarn-client-2.7.0-mapr-1808.jar;C:\Users\ksiegieda\.m2\repository\org\apache\hadoop\hadoop-yarn-server-common\2.7.0-mapr-1808\hadoop-yarn-server-common-2.7.0-mapr-1808.jar;C:\Users\ksiegieda\.m2\repository\org\apache\hadoop\hadoop-mapreduce-client-shuffle\2.7.0-mapr-1808\hadoop-mapreduce-client-shuffle-2.7.0-mapr-1808.jar;C:\Users\ksiegieda\.m2\repository\org\apache\hadoop\hadoop-yarn-api\2.7.0-mapr-1808\hadoop-yarn-api-2.7.0-mapr-1808.jar;C:\Users\ksiegieda\.m2\repository\org\apache\hadoop\hadoop-mapreduce-client-core\2.7.0-mapr-1808\hadoop-mapreduce-client-core-2.7.0-mapr-1808.jar;C:\Users\ksiegieda\.m2\repository\org\apache\hadoop\hadoop-yarn-common\2.7.0-mapr-1808\hadoop-yarn-common-2.7.0-mapr-1808.jar;C:\Users\ksiegieda\.m2\repository\javax\xml\bind\jaxb-api\2.2.2\jaxb-api-2.2.2.jar;C:\Users\ksiegieda\.m2\repository\javax\xml\stream\stax-api\1.0-2\stax-api-1.0-2.jar;C:\Users\ksiegieda\.m2\repository\org\codehaus\jackson\jackson-jaxrs\1.9.13\jackson-jaxrs-1.9.13.jar;C:\Users\ksiegieda\.m2\repository\org\codehaus\jackson\jackson-xc\1.9.13\jackson-xc-1.9.13.jar;C:\Users\ksiegieda\.m2\repository\org\apache\hadoop\hadoop-mapreduce-client-jobclient\2.7.0-mapr-1808\hadoop-mapreduce-client-jobclient-2.7.0-mapr-1808.jar;C:\Users\ksiegieda\.m2\repository\org\apache\hadoop\hadoop-annotations\2.7.0-mapr-1808\hadoop-annotations-2.7.0-mapr-1808.jar;C:\Users\ksiegieda\.m2\repository\com\mapr\security\mapr-security-web\6.1.0-mapr\mapr-security-web-6.1.0-mapr.jar;C:\Users\ksiegieda\.m2\repository\org\apache\spark\spark-launcher_2.11\2.3.1-mapr-1808\spark-launcher_2.11-2.3.1-mapr-1808.jar;C:\Users\ksiegieda\.m2\repository\org\apache\spark\spark-kvstore_2.11\2.3.1-mapr-1808\spark-kvstore_2.11-2.3.1-mapr-1808.jar;C:\Users\ksiegieda\.m2\repository\org\fusesource\leveldbjni\leveldbjni-all\1.8\leveldbjni-all-1.8.jar;C:\Users\ksiegieda\.m2\repository\org\apache\spark\spark-network-common_2.11\2.3.1-mapr-1808\spark-network-common_2.11-2.3.1-mapr-1808.jar;C:\Users\ksiegieda\.m2\repository\org\apache\spark\spark-network-shuffle_2.11\2.3.1-mapr-1808\spark-network-shuffle_2.11-2.3.1-mapr-1808.jar;C:\Users\ksiegieda\.m2\repository\org\apache\spark\spark-unsafe_2.11\2.3.1-mapr-1808\spark-unsafe_2.11-2.3.1-mapr-1808.jar;C:\Users\ksiegieda\.m2\repository\net\java\dev\jets3t\jets3t\0.9.4\jets3t-0.9.4.jar;C:\Users\ksiegieda\.m2\repository\org\apache\httpcomponents\httpcore\4.4.1\httpcore-4.4.1.jar;C:\Users\ksiegieda\.m2\repository\org\apache\httpcomponents\httpclient\4.5\httpclient-4.5.jar;C:\Users\ksiegieda\.m2\repository\javax\activation\activation\1.1.1\activation-1.1.1.jar;C:\Users\ksiegieda\.m2\repository\org\bouncycastle\bcprov-jdk15on\1.52\bcprov-jdk15on-1.52.jar;C:\Users\ksiegieda\.m2\repository\com\jamesmurty\utils\java-xmlbuilder\1.1\java-xmlbuilder-1.1.jar;C:\Users\ksiegieda\.m2\repository\net\iharder\base64\2.3.8\base64-2.3.8.jar;C:\Users\ksiegieda\.m2\repository\org\apache\curator\curator-recipes\2.7.1\curator-recipes-2.7.1.jar;C:\Users\ksiegieda\.m2\repository\org\apache\curator\curator-framework\2.7.1\curator-framework-2.7.1.jar;C:\Users\ksiegieda\.m2\repository\org\apache\zookeeper\zookeeper\3.4.6\zookeeper-3.4.6.jar;C:\Users\ksiegieda\.m2\repository\javax\servlet\javax.servlet-api\3.1.0\javax.servlet-api-3.1.0.jar;C:\Users\ksiegieda\.m2\repository\org\apache\commons\commons-lang3\3.5\commons-lang3-3.5.jar;C:\Users\ksiegieda\.m2\repository\org\apache\commons\commons-math3\3.4.1\commons-math3-3.4.1.jar;C:\Users\ksiegieda\.m2\repository\com\google\code\findbugs\jsr305\1.3.9\jsr305-1.3.9.jar;C:\Users\ksiegieda\.m2\repository\org\slf4j\slf4j-api\1.7.16\slf4j-api-1.7.16.jar;C:\Users\ksiegieda\.m2\repository\org\slf4j\jul-to-slf4j\1.7.16\jul-to-slf4j-1.7.16.jar;C:\Users\ksiegieda\.m2\repository\org\slf4j\jcl-over-slf4j\1.7.16\jcl-over-slf4j-1.7.16.jar;C:\Users\ksiegieda\.m2\repository\log4j\log4j\1.2.17\log4j-1.2.17.jar;C:\Users\ksiegieda\.m2\repository\org\slf4j\slf4j-log4j12\1.7.16\slf4j-log4j12-1.7.16.jar;C:\Users\ksiegieda\.m2\repository\com\ning\compress-lzf\1.0.3\compress-lzf-1.0.3.jar;C:\Users\ksiegieda\.m2\repository\org\xerial\snappy\snappy-java\1.1.2.6\snappy-java-1.1.2.6.jar;C:\Users\ksiegieda\.m2\repository\org\lz4\lz4-java\1.4.0\lz4-java-1.4.0.jar;C:\Users\ksiegieda\.m2\repository\com\github\luben\zstd-jni\1.3.2-2\zstd-jni-1.3.2-2.jar;C:\Users\ksiegieda\.m2\repository\org\roaringbitmap\RoaringBitmap\0.5.11\RoaringBitmap-0.5.11.jar;C:\Users\ksiegieda\.m2\repository\commons-net\commons-net\2.2\commons-net-2.2.jar;C:\Users\ksiegieda\.m2\repository\org\json4s\json4s-jackson_2.11\3.2.11\json4s-jackson_2.11-3.2.11.jar;C:\Users\ksiegieda\.m2\repository\org\json4s\json4s-core_2.11\3.2.11\json4s-core_2.11-3.2.11.jar;C:\Users\ksiegieda\.m2\repository\org\json4s\json4s-ast_2.11\3.2.11\json4s-ast_2.11-3.2.11.jar;C:\Users\ksiegieda\.m2\repository\org\scala-lang\scalap\2.11.0\scalap-2.11.0.jar;C:\Users\ksiegieda\.m2\repository\org\scala-lang\scala-compiler\2.11.0\scala-compiler-2.11.0.jar;C:\Users\ksiegieda\.m2\repository\org\glassfish\jersey\core\jersey-client\2.22.2\jersey-client-2.22.2.jar;C:\Users\ksiegieda\.m2\repository\javax\ws\rs\javax.ws.rs-api\2.0.1\javax.ws.rs-api-2.0.1.jar;C:\Users\ksiegieda\.m2\repository\org\glassfish\hk2\hk2-api\2.4.0-b34\hk2-api-2.4.0-b34.jar;C:\Users\ksiegieda\.m2\repository\org\glassfish\hk2\hk2-utils\2.4.0-b34\hk2-utils-2.4.0-b34.jar;C:\Users\ksiegieda\.m2\repository\org\glassfish\hk2\external\aopalliance-repackaged\2.4.0-b34\aopalliance-repackaged-2.4.0-b34.jar;C:\Users\ksiegieda\.m2\repository\org\glassfish\hk2\external\javax.inject\2.4.0-b34\javax.inject-2.4.0-b34.jar;C:\Users\ksiegieda\.m2\repository\org\glassfish\hk2\hk2-locator\2.4.0-b34\hk2-locator-2.4.0-b34.jar;C:\Users\ksiegieda\.m2\repository\org\javassist\javassist\3.18.1-GA\javassist-3.18.1-GA.jar;C:\Users\ksiegieda\.m2\repository\org\glassfish\jersey\core\jersey-common\2.22.2\jersey-common-2.22.2.jar;C:\Users\ksiegieda\.m2\repository\javax\annotation\javax.annotation-api\1.2\javax.annotation-api-1.2.jar;C:\Users\ksiegieda\.m2\repository\org\glassfish\jersey\bundles\repackaged\jersey-guava\2.22.2\jersey-guava-2.22.2.jar;C:\Users\ksiegieda\.m2\repository\org\glassfish\hk2\osgi-resource-locator\1.0.1\osgi-resource-locator-1.0.1.jar;C:\Users\ksiegieda\.m2\repository\org\glassfish\jersey\core\jersey-server\2.22.2\jersey-server-2.22.2.jar;C:\Users\ksiegieda\.m2\repository\org\glassfish\jersey\media\jersey-media-jaxb\2.22.2\jersey-media-jaxb-2.22.2.jar;C:\Users\ksiegieda\.m2\repository\javax\validation\validation-api\1.1.0.Final\validation-api-1.1.0.Final.jar;C:\Users\ksiegieda\.m2\repository\org\glassfish\jersey\containers\jersey-container-servlet\2.22.2\jersey-container-servlet-2.22.2.jar;C:\Users\ksiegieda\.m2\repository\org\glassfish\jersey\containers\jersey-container-servlet-core\2.22.2\jersey-container-servlet-core-2.22.2.jar;C:\Users\ksiegieda\.m2\repository\io\netty\netty-all\4.1.17.Final\netty-all-4.1.17.Final.jar;C:\Users\ksiegieda\.m2\repository\io\netty\netty\3.9.9.Final\netty-3.9.9.Final.jar;C:\Users\ksiegieda\.m2\repository\com\clearspring\analytics\stream\2.7.0\stream-2.7.0.jar;C:\Users\ksiegieda\.m2\repository\io\dropwizard\metrics\metrics-core\3.1.5\metrics-core-3.1.5.jar;C:\Users\ksiegieda\.m2\repository\io\dropwizard\metrics\metrics-jvm\3.1.5\metrics-jvm-3.1.5.jar;C:\Users\ksiegieda\.m2\repository\io\dropwizard\metrics\metrics-json\3.1.5\metrics-json-3.1.5.jar;C:\Users\ksiegieda\.m2\repository\io\dropwizard\metrics\metrics-graphite\3.1.5\metrics-graphite-3.1.5.jar;C:\Users\ksiegieda\.m2\repository\com\fasterxml\jackson\module\jackson-module-scala_2.11\2.6.7.1\jackson-module-scala_2.11-2.6.7.1.jar;C:\Users\ksiegieda\.m2\repository\com\fasterxml\jackson\module\jackson-module-paranamer\2.7.9\jackson-module-paranamer-2.7.9.jar;C:\Users\ksiegieda\.m2\repository\org\apache\ivy\ivy\2.4.0\ivy-2.4.0.jar;C:\Users\ksiegieda\.m2\repository\oro\oro\2.0.8\oro-2.0.8.jar;C:\Users\ksiegieda\.m2\repository\net\razorvine\pyrolite\4.13\pyrolite-4.13.jar;C:\Users\ksiegieda\.m2\repository\net\sf\py4j\py4j\0.10.7\py4j-0.10.7.jar;C:\Users\ksiegieda\.m2\repository\org\apache\commons\commons-crypto\1.0.0\commons-crypto-1.0.0.jar;C:\Users\ksiegieda\.m2\repository\org\apache\spark\spark-streaming-kafka-0-9_2.11\2.3.1-mapr-1808\spark-streaming-kafka-0-9_2.11-2.3.1-mapr-1808.jar;C:\Users\ksiegieda\.m2\repository\org\apache\spark\spark-streaming_2.11\2.3.1-mapr-1808\spark-streaming_2.11-2.3.1-mapr-1808.jar;C:\Users\ksiegieda\.m2\repository\com\mapr\db\maprdb-spark\2.3.1-mapr-1808\maprdb-spark-2.3.1-mapr-1808.jar;C:\Users\ksiegieda\.m2\repository\org\specs2\specs2-core_2.11\2.4.17\specs2-core_2.11-2.4.17.jar;C:\Users\ksiegieda\.m2\repository\org\specs2\specs2-matcher_2.11\2.4.17\specs2-matcher_2.11-2.4.17.jar;C:\Users\ksiegieda\.m2\repository\org\specs2\specs2-common_2.11\2.4.17\specs2-common_2.11-2.4.17.jar;C:\Users\ksiegieda\.m2\repository\org\scalaz\scalaz-core_2.11\7.1.0\scalaz-core_2.11-7.1.0.jar;C:\Users\ksiegieda\.m2\repository\org\scalaz\scalaz-concurrent_2.11\7.1.0\scalaz-concurrent_2.11-7.1.0.jar;C:\Users\ksiegieda\.m2\repository\org\scalaz\scalaz-effect_2.11\7.1.0\scalaz-effect_2.11-7.1.0.jar;C:\Users\ksiegieda\.m2\repository\org\specs2\specs2-junit_2.11\2.4.17\specs2-junit_2.11-2.4.17.jar;C:\Users\ksiegieda\.m2\repository\com\mapr\db\maprdb\6.1.0-mapr\maprdb-6.1.0-mapr.jar;C:\Users\ksiegieda\.m2\repository\com\google\guava\guava\14.0.1\guava-14.0.1.jar;C:\Users\ksiegieda\.m2\repository\com\mapr\hadoop\maprfs\6.1.0-mapr\maprfs-6.1.0-mapr.jar;C:\Users\ksiegieda\.m2\repository\org\apache\hadoop\hadoop-auth\2.7.0-mapr-1808\hadoop-auth-2.7.0-mapr-1808.jar;C:\Users\ksiegieda\.m2\repository\commons-logging\commons-logging\1.1.3\commons-logging-1.1.3.jar;C:\Users\ksiegieda\.m2\repository\xalan\xalan\2.7.2\xalan-2.7.2.jar;C:\Users\ksiegieda\.m2\repository\xalan\serializer\2.7.2\serializer-2.7.2.jar;C:\Users\ksiegieda\.m2\repository\xml-apis\xml-apis\1.3.04\xml-apis-1.3.04.jar;C:\Users\ksiegieda\.m2\repository\org\yaml\snakeyaml\1.14\snakeyaml-1.14.jar;C:\Users\ksiegieda\.m2\repository\com\google\protobuf\protobuf-java\2.5.0\protobuf-java-2.5.0.jar;C:\Users\ksiegieda\.m2\repository\org\apache\hadoop\hadoop-common\2.7.0-mapr-1808\hadoop-common-2.7.0-mapr-1808.jar;C:\Users\ksiegieda\.m2\repository\commons-cli\commons-cli\1.2\commons-cli-1.2.jar;C:\Users\ksiegieda\.m2\repository\xmlenc\xmlenc\0.52\xmlenc-0.52.jar;C:\Users\ksiegieda\.m2\repository\commons-httpclient\commons-httpclient\3.1\commons-httpclient-3.1.jar;C:\Users\ksiegieda\.m2\repository\commons-io\commons-io\2.4\commons-io-2.4.jar;C:\Users\ksiegieda\.m2\repository\commons-collections\commons-collections\3.2.2\commons-collections-3.2.2.jar;C:\Users\ksiegieda\.m2\repository\commons-configuration\commons-configuration\1.6\commons-configuration-1.6.jar;C:\Users\ksiegieda\.m2\repository\commons-digester\commons-digester\1.8\commons-digester-1.8.jar;C:\Users\ksiegieda\.m2\repository\commons-beanutils\commons-beanutils\1.7.0\commons-beanutils-1.7.0.jar;C:\Users\ksiegieda\.m2\repository\commons-beanutils\commons-beanutils-core\1.8.0\commons-beanutils-core-1.8.0.jar;C:\Users\ksiegieda\.m2\repository\com\google\code\gson\gson\2.2.4\gson-2.2.4.jar;C:\Users\ksiegieda\.m2\repository\org\apache\curator\curator-client\2.7.1\curator-client-2.7.1.jar;C:\Users\ksiegieda\.m2\repository\org\apache\htrace\htrace-core\3.1.0-incubating\htrace-core-3.1.0-incubating.jar;C:\Users\ksiegieda\.m2\repository\com\fasterxml\jackson\core\jackson-annotations\2.9.5\jackson-annotations-2.9.5.jar;C:\Users\ksiegieda\.m2\repository\com\tdunning\json\1.8\json-1.8.jar;C:\Users\ksiegieda\.m2\repository\com\googlecode\json-simple\json-simple\1.1\json-simple-1.1.jar;C:\Users\ksiegieda\.m2\repository\org\apache\avro\avro\1.8.0\avro-1.8.0.jar;C:\Users\ksiegieda\.m2\repository\org\codehaus\jackson\jackson-core-asl\1.9.13\jackson-core-asl-1.9.13.jar;C:\Users\ksiegieda\.m2\repository\org\codehaus\jackson\jackson-mapper-asl\1.9.13\jackson-mapper-asl-1.9.13.jar;C:\Users\ksiegieda\.m2\repository\com\thoughtworks\paranamer\paranamer\2.7\paranamer-2.7.jar;C:\Users\ksiegieda\.m2\repository\org\apache\commons\commons-compress\1.8.1\commons-compress-1.8.1.jar;C:\Users\ksiegieda\.m2\repository\org\tukaani\xz\1.5\xz-1.5.jar;C:\Users\ksiegieda\.m2\repository\org\ojai\ojai\3.1-mapr\ojai-3.1-mapr.jar;C:\Users\ksiegieda\.m2\repository\com\fasterxml\jackson\core\jackson-core\2.9.10\jackson-core-2.9.10.jar;C:\Users\ksiegieda\.m2\repository\com\mapr\ojai\mapr-ojai-driver\6.1.0-mapr\mapr-ojai-driver-6.1.0-mapr.jar;C:\Users\ksiegieda\.m2\repository\net\sf\trove4j\trove4j\3.0.3\trove4j-3.0.3.jar;C:\Users\ksiegieda\.m2\repository\org\apache\drill\exec\drill-java-exec\1.14.0-mapr\drill-java-exec-1.14.0-mapr.jar;C:\Users\ksiegieda\.m2\repository\org\apache\commons\commons-pool2\2.1\commons-pool2-2.1.jar;C:\Users\ksiegieda\.m2\repository\org\apache\commons\commons-text\1.4\commons-text-1.4.jar;C:\Users\ksiegieda\.m2\repository\org\apache\commons\commons-math\2.2\commons-math-2.2.jar;C:\Users\ksiegieda\.m2\repository\org\glassfish\jersey\media\jersey-media-json-jackson\2.8\jersey-media-json-jackson-2.8.jar;C:\Users\ksiegieda\.m2\repository\com\fasterxml\jackson\jaxrs\jackson-jaxrs-json-provider\2.9.5\jackson-jaxrs-json-provider-2.9.5.jar;C:\Users\ksiegieda\.m2\repository\com\fasterxml\jackson\jaxrs\jackson-jaxrs-base\2.9.5\jackson-jaxrs-base-2.9.5.jar;C:\Users\ksiegieda\.m2\repository\com\fasterxml\jackson\module\jackson-module-jaxb-annotations\2.9.5\jackson-module-jaxb-annotations-2.9.5.jar;C:\Users\ksiegieda\.m2\repository\com\fasterxml\jackson\module\jackson-module-afterburner\2.9.5\jackson-module-afterburner-2.9.5.jar;C:\Users\ksiegieda\.m2\repository\org\honton\chas\hocon\jackson-dataformat-hocon\1.1.1\jackson-dataformat-hocon-1.1.1.jar;C:\Users\ksiegieda\.m2\repository\com\typesafe\config\1.3.1\config-1.3.1.jar;C:\Users\ksiegieda\.m2\repository\org\apache\calcite\avatica\avatica\1.11.0\avatica-1.11.0.jar;C:\Users\ksiegieda\.m2\repository\org\apache\drill\drill-protocol\1.14.0-mapr\drill-protocol-1.14.0-mapr.jar;C:\Users\ksiegieda\.m2\repository\com\dyuproject\protostuff\protostuff-core\1.0.8\protostuff-core-1.0.8.jar;C:\Users\ksiegieda\.m2\repository\com\dyuproject\protostuff\protostuff-api\1.0.8\protostuff-api-1.0.8.jar;C:\Users\ksiegieda\.m2\repository\com\dyuproject\protostuff\protostuff-json\1.0.8\protostuff-json-1.0.8.jar;C:\Users\ksiegieda\.m2\repository\org\apache\drill\drill-common\1.14.0-mapr\drill-common-1.14.0-mapr.jar;C:\Users\ksiegieda\.m2\repository\org\reflections\reflections\0.9.10\reflections-0.9.10.jar;C:\Users\ksiegieda\.m2\repository\com\google\code\findbugs\annotations\2.0.1\annotations-2.0.1.jar;C:\Users\ksiegieda\.m2\repository\io\dropwizard\metrics\metrics-servlets\4.0.2\metrics-servlets-4.0.2.jar;C:\Users\ksiegieda\.m2\repository\io\dropwizard\metrics\metrics-healthchecks\4.0.2\metrics-healthchecks-4.0.2.jar;C:\Users\ksiegieda\.m2\repository\com\papertrail\profiler\1.0.2\profiler-1.0.2.jar;C:\Users\ksiegieda\.m2\repository\io\dropwizard\metrics\metrics-jmx\4.0.2\metrics-jmx-4.0.2.jar;C:\Users\ksiegieda\.m2\repository\org\apache\drill\drill-logical\1.14.0-mapr\drill-logical-1.14.0-mapr.jar;C:\Users\ksiegieda\.m2\repository\org\apache\drill\exec\drill-rpc\1.14.0-mapr\drill-rpc-1.14.0-mapr.jar;C:\Users\ksiegieda\.m2\repository\io\netty\netty-transport-native-epoll\4.0.48.Final\netty-transport-native-epoll-4.0.48.Final-linux-x86_64.jar;C:\Users\ksiegieda\.m2\repository\org\apache\drill\memory\drill-memory-base\1.14.0-mapr\drill-memory-base-1.14.0-mapr.jar;C:\Users\ksiegieda\.m2\repository\org\apache\drill\exec\vector\1.14.0-mapr\vector-1.14.0-mapr.jar;C:\Users\ksiegieda\.m2\repository\org\apache\curator\curator-x-discovery\2.7.1\curator-x-discovery-2.7.1.jar;C:\Users\ksiegieda\.m2\repository\commons-validator\commons-validator\1.4.1\commons-validator-1.4.1.jar;C:\Users\ksiegieda\.m2\repository\com\drewnoakes\metadata-extractor\2.11.0\metadata-extractor-2.11.0.jar;C:\Users\ksiegieda\.m2\repository\com\adobe\xmp\xmpcore\5.1.3\xmpcore-5.1.3.jar;C:\Users\ksiegieda\.m2\repository\org\apache\drill\contrib\drill-auth-mechanism-maprsasl\1.14.0-mapr\drill-auth-mechanism-maprsasl-1.14.0-mapr.jar;C:\Users\ksiegieda\.m2\repository\io\netty\netty-handler\4.0.48.Final\netty-handler-4.0.48.Final.jar;C:\Users\ksiegieda\.m2\repository\io\netty\netty-buffer\4.0.48.Final\netty-buffer-4.0.48.Final.jar;C:\Users\ksiegieda\.m2\repository\io\netty\netty-transport\4.0.48.Final\netty-transport-4.0.48.Final.jar;C:\Users\ksiegieda\.m2\repository\io\netty\netty-codec\4.0.48.Final\netty-codec-4.0.48.Final.jar;C:\Users\ksiegieda\.m2\repository\io\netty\netty-common\4.0.48.Final\netty-common-4.0.48.Final.jar;C:\Users\ksiegieda\.m2\repository\xerces\xercesImpl\2.11.0.SP5\xercesImpl-2.11.0.SP5.jar;C:\Users\ksiegieda\.m2\repository\junit\junit\4.13.1\junit-4.13.1.jar;C:\Users\ksiegieda\.m2\repository\org\hamcrest\hamcrest-core\1.3\hamcrest-core-1.3.jar">
</property>
    <property name="java.vm.specification.version" value="1.8"> </property>
    <property name="sun.arch.data.model" value="64"> </property>
    <property 
    name="java.home" value="C:\Users\ksiegieda\.jdks\corretto-1.8.0_302\jre">
</property>
    <property 
    name="sun.java.command" value="org.scalatest.tools.Runner -R C:\LAT\joob2\target\classes C:\LAT\joob2\target\test-classes -o -fWDF C:\LAT\joob2\target\surefire-reports\TestSuite.txt -u C:\LAT\joob2\target\surefire-reports\.">
</property>
    <property name="java.specification.vendor" value="Oracle Corporation">
    </property>
    <property name="user.language" value="pl"> </property>
    <property name="awt.toolkit" value="sun.awt.windows.WToolkit"> </property>
    <property name="java.vm.info" value="mixed mode"> </property>
    <property name="java.version" value="1.8.0_302"> </property>
    <property 
    name="java.ext.dirs" value="C:\Users\ksiegieda\.jdks\corretto-1.8.0_302\jre\lib\ext;C:\windows\Sun\Java\lib\ext">
</property>
    <property 
    name="sun.boot.class.path" value="C:\Users\ksiegieda\.jdks\corretto-1.8.0_302\jre\lib\resources.jar;C:\Users\ksiegieda\.jdks\corretto-1.8.0_302\jre\lib\rt.jar;C:\Users\ksiegieda\.jdks\corretto-1.8.0_302\jre\lib\sunrsasign.jar;C:\Users\ksiegieda\.jdks\corretto-1.8.0_302\jre\lib\jsse.jar;C:\Users\ksiegieda\.jdks\corretto-1.8.0_302\jre\lib\jce.jar;C:\Users\ksiegieda\.jdks\corretto-1.8.0_302\jre\lib\charsets.jar;C:\Users\ksiegieda\.jdks\corretto-1.8.0_302\jre\lib\jfr.jar;C:\Users\ksiegieda\.jdks\corretto-1.8.0_302\jre\classes">
</property>
    <property name="java.vendor" value="Amazon.com Inc."> </property>
    <property name="file.separator" value="\"> </property>
    <property 
    name="java.vendor.url.bug" value="https://github.com/corretto/corretto-8/issues/">
</property>
    <property name="sun.cpu.endian" value="little"> </property>
    <property name="sun.io.unicode.encoding" value="UnicodeLittle"> </property>
    <property name="sun.desktop" value="windows"> </property>
    <property name="sun.cpu.isalist" value="amd64"> </property>
  </properties>
  <system-out><![CDATA[]]></system-out>
  <system-err><![CDATA[]]></system-err>
</testsuite>
